<!DOCTYPE html PUBLIC "-//W3C//DTD XHTML 1.1//EN" "http://www.w3.org/TR/xhtml11/DTD/xhtml11.dtd">
<html xmlns="http://www.w3.org/1999/xhtml"><head><title>TestNG Report</title><style type="text/css">table {margin-bottom:10px;border-collapse:collapse;empty-cells:show}th,td {border:1px solid #009;padding:.25em .5em}th {vertical-align:bottom}td {vertical-align:top}table a {font-weight:bold}.stripe td {background-color: #E6EBF9}.num {text-align:right}.passedodd td {background-color: #3F3}.passedeven td {background-color: #0A0}.skippedodd td {background-color: #DDD}.skippedeven td {background-color: #CCC}.failedodd td,.attn {background-color: #F33}.failedeven td,.stripe .attn {background-color: #D00}.stacktrace {white-space:pre;font-family:monospace}.totop {font-size:85%;text-align:center;border-bottom:2px solid #000}</style></head><body><table><tr><th>Test</th><th># Passed</th><th># Skipped</th><th># Failed</th><th>Time (ms)</th><th>Included Groups</th><th>Excluded Groups</th></tr><tr><th colspan="7">Tests</th></tr><tr><td><a href="#t0">Test1</a></td><td class="num">10</td><td class="num">0</td><td class="num attn">2</td><td class="num">96,052</td><td></td><td></td></tr></table><table id='summary'><thead><tr><th>Class</th><th>Method</th><th>Start</th><th>Time (ms)</th></tr></thead><tbody><tr><th colspan="4">Tests</th></tr></tbody><tbody id="t0"><tr><th colspan="4">Test1 &#8212; failed</th></tr><tr class="failedeven"><td rowspan="2">org.ank.IStest.UserManagementTestCase</td><td><a href="#m0">testRoleAdd</a></td><td rowspan="1">1513080853770</td><td rowspan="1">31240</td></tr><tr class="failedeven"><td><a href="#m1">testUserAdd</a></td><td rowspan="1">1513080895690</td><td rowspan="1">31002</td></tr><tr><th colspan="4">Test1 &#8212; passed</th></tr><tr class="passedeven"><td rowspan="6">org.ank.IStest.IsHomeTestCase</td><td><a href="#m2">testISLogin</a></td><td rowspan="1">1513080841508</td><td rowspan="1">3044</td></tr><tr class="passedeven"><td><a href="#m3">testIdpCreation</a></td><td rowspan="1">1513080926758</td><td rowspan="1">2960</td></tr><tr class="passedeven"><td><a href="#m4">testIdpDelete</a></td><td rowspan="1">1513080934238</td><td rowspan="1">2517</td></tr><tr class="passedeven"><td><a href="#m5">testSPDelete</a></td><td rowspan="1">1513080929718</td><td rowspan="1">4519</td></tr><tr class="passedeven"><td><a href="#m6">testSpCreation</a></td><td rowspan="1">1513080885015</td><td rowspan="1">8043</td></tr><tr class="passedeven"><td><a href="#m7">verifyHomepage</a></td><td rowspan="1">1513080851236</td><td rowspan="1">32</td></tr><tr class="passedodd"><td rowspan="3">org.ank.IStest.IsLoginTestCase</td><td><a href="#m8">testInvalidBothLogin</a></td><td rowspan="1">1513080893058</td><td rowspan="1">2566</td></tr><tr class="passedodd"><td><a href="#m9">testInvalidPasswdLogin</a></td><td rowspan="1">1513080844813</td><td rowspan="1">3118</td></tr><tr class="passedodd"><td><a href="#m10">testInvalidUsernameLogin</a></td><td rowspan="1">1513080851269</td><td rowspan="1">2501</td></tr><tr class="passedeven"><td rowspan="1">org.ank.IStest.UserManagementTestCase</td><td><a href="#m11">testISLogin</a></td><td rowspan="1">1513080848202</td><td rowspan="1">3033</td></tr></tbody></table><h2>Test1</h2><h3 id="m0">org.ank.IStest.UserManagementTestCase#testRoleAdd</h3><table class="result"><tr><th>Exception</th></tr><tr><td><div class="stacktrace">org.openqa.selenium.NoSuchElementException: no such element: Unable to locate element: {&quot;method&quot;:&quot;xpath&quot;,&quot;selector&quot;:&quot;//table[@id=&apos;roleTable&apos;]/tbody/tr[4]/td&quot;}
  (Session info: chrome=59.0.3071.115)
  (Driver info: chromedriver=2.30.477691 (6ee44a7247c639c0703f291d320bdf05c1531b57),platform=Linux 3.16.0-4-amd64 x86_64) (WARNING: The server did not provide any stacktrace information)
Command duration or timeout: 0 milliseconds
For documentation on this error, please visit: http://seleniumhq.org/exceptions/no_such_element.html
Build info: version: &apos;3.5.1&apos;, revision: &apos;9c21bb67ef&apos;, time: &apos;2017-08-17T15:26:08.955Z&apos;
System info: host: &apos;ank-debian&apos;, ip: &apos;127.0.1.1&apos;, os.name: &apos;Linux&apos;, os.arch: &apos;amd64&apos;, os.version: &apos;3.16.0-4-amd64&apos;, java.version: &apos;1.8.0_131&apos;
Driver info: org.openqa.selenium.chrome.ChromeDriver
Capabilities [{applicationCacheEnabled=false, rotatable=false, mobileEmulationEnabled=false, networkConnectionEnabled=false, chrome={chromedriverVersion=2.30.477691 (6ee44a7247c639c0703f291d320bdf05c1531b57), userDataDir=/tmp/.org.chromium.Chromium.BaJ8YE}, takesHeapSnapshot=true, pageLoadStrategy=normal, unhandledPromptBehavior=, databaseEnabled=false, handlesAlerts=true, hasTouchScreen=false, version=59.0.3071.115, platform=LINUX, browserConnectionEnabled=false, nativeEvents=true, acceptSslCerts=true, locationContextEnabled=true, webStorageEnabled=true, browserName=chrome, takesScreenshot=true, javascriptEnabled=true, cssSelectorsEnabled=true, unexpectedAlertBehaviour=}]
Session ID: beb1657171c5fe545b367318df7f849c
*** Element info: {Using=xpath, value=//table[@id=&apos;roleTable&apos;]/tbody/tr[4]/td}
	at org.openqa.selenium.remote.ErrorHandler.createThrowable(ErrorHandler.java:215)
	at org.openqa.selenium.remote.ErrorHandler.throwIfResponseFailed(ErrorHandler.java:167)
	at org.openqa.selenium.remote.http.JsonHttpResponseCodec.reconstructValue(JsonHttpResponseCodec.java:40)
	at org.openqa.selenium.remote.http.AbstractHttpResponseCodec.decode(AbstractHttpResponseCodec.java:82)
	at org.openqa.selenium.remote.http.AbstractHttpResponseCodec.decode(AbstractHttpResponseCodec.java:45)
	at org.openqa.selenium.remote.HttpCommandExecutor.execute(HttpCommandExecutor.java:164)
	at org.openqa.selenium.remote.service.DriverCommandExecutor.execute(DriverCommandExecutor.java:82)
	at org.openqa.selenium.remote.RemoteWebDriver.execute(RemoteWebDriver.java:641)
	at org.openqa.selenium.remote.RemoteWebDriver.findElement(RemoteWebDriver.java:414)
	at org.openqa.selenium.remote.RemoteWebDriver.findElementByXPath(RemoteWebDriver.java:513)
	at org.openqa.selenium.By$ByXPath.findElement(By.java:361)
	at org.openqa.selenium.remote.RemoteWebDriver.findElement(RemoteWebDriver.java:406)
	at org.ank.IStest.UserManagementTestCase.testRoleAdd(UserManagementTestCase.java:60)
... Removed 32 stack frames</div></td></tr></table><p class="totop"><a href="#summary">back to summary</a></p><h3 id="m1">org.ank.IStest.UserManagementTestCase#testUserAdd</h3><table class="result"><tr><th>Exception</th></tr><tr><td><div class="stacktrace">org.openqa.selenium.NoSuchElementException: no such element: Unable to locate element: {&quot;method&quot;:&quot;xpath&quot;,&quot;selector&quot;:&quot;//table[@id=&apos;userTable&apos;]/tbody/tr[4]/td&quot;}
  (Session info: chrome=59.0.3071.115)
  (Driver info: chromedriver=2.30.477691 (6ee44a7247c639c0703f291d320bdf05c1531b57),platform=Linux 3.16.0-4-amd64 x86_64) (WARNING: The server did not provide any stacktrace information)
Command duration or timeout: 0 milliseconds
For documentation on this error, please visit: http://seleniumhq.org/exceptions/no_such_element.html
Build info: version: &apos;3.5.1&apos;, revision: &apos;9c21bb67ef&apos;, time: &apos;2017-08-17T15:26:08.955Z&apos;
System info: host: &apos;ank-debian&apos;, ip: &apos;127.0.1.1&apos;, os.name: &apos;Linux&apos;, os.arch: &apos;amd64&apos;, os.version: &apos;3.16.0-4-amd64&apos;, java.version: &apos;1.8.0_131&apos;
Driver info: org.openqa.selenium.chrome.ChromeDriver
Capabilities [{applicationCacheEnabled=false, rotatable=false, mobileEmulationEnabled=false, networkConnectionEnabled=false, chrome={chromedriverVersion=2.30.477691 (6ee44a7247c639c0703f291d320bdf05c1531b57), userDataDir=/tmp/.org.chromium.Chromium.BaJ8YE}, takesHeapSnapshot=true, pageLoadStrategy=normal, unhandledPromptBehavior=, databaseEnabled=false, handlesAlerts=true, hasTouchScreen=false, version=59.0.3071.115, platform=LINUX, browserConnectionEnabled=false, nativeEvents=true, acceptSslCerts=true, locationContextEnabled=true, webStorageEnabled=true, browserName=chrome, takesScreenshot=true, javascriptEnabled=true, cssSelectorsEnabled=true, unexpectedAlertBehaviour=}]
Session ID: beb1657171c5fe545b367318df7f849c
*** Element info: {Using=xpath, value=//table[@id=&apos;userTable&apos;]/tbody/tr[4]/td}
	at org.openqa.selenium.remote.ErrorHandler.createThrowable(ErrorHandler.java:215)
	at org.openqa.selenium.remote.ErrorHandler.throwIfResponseFailed(ErrorHandler.java:167)
	at org.openqa.selenium.remote.http.JsonHttpResponseCodec.reconstructValue(JsonHttpResponseCodec.java:40)
	at org.openqa.selenium.remote.http.AbstractHttpResponseCodec.decode(AbstractHttpResponseCodec.java:82)
	at org.openqa.selenium.remote.http.AbstractHttpResponseCodec.decode(AbstractHttpResponseCodec.java:45)
	at org.openqa.selenium.remote.HttpCommandExecutor.execute(HttpCommandExecutor.java:164)
	at org.openqa.selenium.remote.service.DriverCommandExecutor.execute(DriverCommandExecutor.java:82)
	at org.openqa.selenium.remote.RemoteWebDriver.execute(RemoteWebDriver.java:641)
	at org.openqa.selenium.remote.RemoteWebDriver.findElement(RemoteWebDriver.java:414)
	at org.openqa.selenium.remote.RemoteWebDriver.findElementByXPath(RemoteWebDriver.java:513)
	at org.openqa.selenium.By$ByXPath.findElement(By.java:361)
	at org.openqa.selenium.remote.RemoteWebDriver.findElement(RemoteWebDriver.java:406)
	at org.ank.IStest.UserManagementTestCase.testUserAdd(UserManagementTestCase.java:84)
... Removed 32 stack frames</div></td></tr></table><p class="totop"><a href="#summary">back to summary</a></p><h3 id="m2">org.ank.IStest.IsHomeTestCase#testISLogin</h3><table class="result"></table><p class="totop"><a href="#summary">back to summary</a></p><h3 id="m3">org.ank.IStest.IsHomeTestCase#testIdpCreation</h3><table class="result"></table><p class="totop"><a href="#summary">back to summary</a></p><h3 id="m4">org.ank.IStest.IsHomeTestCase#testIdpDelete</h3><table class="result"></table><p class="totop"><a href="#summary">back to summary</a></p><h3 id="m5">org.ank.IStest.IsHomeTestCase#testSPDelete</h3><table class="result"></table><p class="totop"><a href="#summary">back to summary</a></p><h3 id="m6">org.ank.IStest.IsHomeTestCase#testSpCreation</h3><table class="result"></table><p class="totop"><a href="#summary">back to summary</a></p><h3 id="m7">org.ank.IStest.IsHomeTestCase#verifyHomepage</h3><table class="result"></table><p class="totop"><a href="#summary">back to summary</a></p><h3 id="m8">org.ank.IStest.IsLoginTestCase#testInvalidBothLogin</h3><table class="result"></table><p class="totop"><a href="#summary">back to summary</a></p><h3 id="m9">org.ank.IStest.IsLoginTestCase#testInvalidPasswdLogin</h3><table class="result"></table><p class="totop"><a href="#summary">back to summary</a></p><h3 id="m10">org.ank.IStest.IsLoginTestCase#testInvalidUsernameLogin</h3><table class="result"></table><p class="totop"><a href="#summary">back to summary</a></p><h3 id="m11">org.ank.IStest.UserManagementTestCase#testISLogin</h3><table class="result"></table><p class="totop"><a href="#summary">back to summary</a></p></body></html>