<?xml version="1.0" encoding="UTF-8"?>
<testng-results skipped="0" failed="2" ignored="0" total="12" passed="10">
  <reporter-output>
  </reporter-output>
  <suite name="Tests" duration-ms="96052" started-at="2017-12-12T12:14:00Z" finished-at="2017-12-12T12:15:36Z">
    <groups>
    </groups>
    <test name="Test1" duration-ms="96052" started-at="2017-12-12T12:14:00Z" finished-at="2017-12-12T12:15:36Z">
      <class name="org.ank.IStest.IsHomeTestCase">
        <test-method status="PASS" signature="setUp()[pri:0, instance:org.ank.IStest.IsHomeTestCase@6be46e8f]" name="setUp" is-config="true" duration-ms="709" started-at="2017-12-12T17:44:00Z" finished-at="2017-12-12T17:44:01Z">
          <reporter-output>
          </reporter-output>
        </test-method> <!-- setUp -->
        <test-method status="PASS" signature="testISLogin()[pri:0, instance:org.ank.IStest.IsHomeTestCase@6be46e8f]" name="testISLogin" duration-ms="3044" started-at="2017-12-12T17:44:01Z" finished-at="2017-12-12T17:44:04Z">
          <reporter-output>
          </reporter-output>
        </test-method> <!-- testISLogin -->
        <test-method status="PASS" signature="verifyHomepage()[pri:1, instance:org.ank.IStest.IsHomeTestCase@6be46e8f]" name="verifyHomepage" duration-ms="32" started-at="2017-12-12T17:44:11Z" depends-on-methods="org.ank.IStest.IsHomeTestCase.testISLogin" finished-at="2017-12-12T17:44:11Z">
          <reporter-output>
          </reporter-output>
        </test-method> <!-- verifyHomepage -->
        <test-method status="PASS" signature="testSpCreation()[pri:2, instance:org.ank.IStest.IsHomeTestCase@6be46e8f]" name="testSpCreation" duration-ms="8043" started-at="2017-12-12T17:44:45Z" depends-on-methods="org.ank.IStest.IsHomeTestCase.testISLogin" finished-at="2017-12-12T17:44:53Z">
          <reporter-output>
          </reporter-output>
        </test-method> <!-- testSpCreation -->
        <test-method status="PASS" signature="testIdpCreation()[pri:3, instance:org.ank.IStest.IsHomeTestCase@6be46e8f]" name="testIdpCreation" duration-ms="2960" started-at="2017-12-12T17:45:26Z" depends-on-methods="org.ank.IStest.IsHomeTestCase.testISLogin" finished-at="2017-12-12T17:45:29Z">
          <reporter-output>
          </reporter-output>
        </test-method> <!-- testIdpCreation -->
        <test-method status="PASS" signature="testSPDelete()[pri:4, instance:org.ank.IStest.IsHomeTestCase@6be46e8f]" name="testSPDelete" duration-ms="4519" started-at="2017-12-12T17:45:29Z" depends-on-methods="org.ank.IStest.IsHomeTestCase.testISLogin" finished-at="2017-12-12T17:45:34Z">
          <reporter-output>
          </reporter-output>
        </test-method> <!-- testSPDelete -->
        <test-method status="PASS" signature="testIdpDelete()[pri:5, instance:org.ank.IStest.IsHomeTestCase@6be46e8f]" name="testIdpDelete" duration-ms="2517" started-at="2017-12-12T17:45:34Z" depends-on-methods="org.ank.IStest.IsHomeTestCase.testISLogin" finished-at="2017-12-12T17:45:36Z">
          <reporter-output>
          </reporter-output>
        </test-method> <!-- testIdpDelete -->
        <test-method status="PASS" signature="tearDown()[pri:0, instance:org.ank.IStest.IsHomeTestCase@6be46e8f]" name="tearDown" is-config="true" duration-ms="67" started-at="2017-12-12T17:45:36Z" finished-at="2017-12-12T17:45:36Z">
          <reporter-output>
          </reporter-output>
        </test-method> <!-- tearDown -->
      </class> <!-- org.ank.IStest.IsHomeTestCase -->
      <class name="org.ank.IStest.IsLoginTestCase">
        <test-method status="PASS" signature="setUp()[pri:0, instance:org.ank.IStest.IsLoginTestCase@327471b5]" name="setUp" is-config="true" duration-ms="260" started-at="2017-12-12T17:44:04Z" finished-at="2017-12-12T17:44:04Z">
          <reporter-output>
          </reporter-output>
        </test-method> <!-- setUp -->
        <test-method status="PASS" signature="testInvalidPasswdLogin()[pri:0, instance:org.ank.IStest.IsLoginTestCase@327471b5]" name="testInvalidPasswdLogin" duration-ms="3118" started-at="2017-12-12T17:44:04Z" description="Invalid password" finished-at="2017-12-12T17:44:07Z">
          <reporter-output>
          </reporter-output>
        </test-method> <!-- testInvalidPasswdLogin -->
        <test-method status="PASS" signature="testInvalidUsernameLogin()[pri:1, instance:org.ank.IStest.IsLoginTestCase@327471b5]" name="testInvalidUsernameLogin" duration-ms="2501" started-at="2017-12-12T17:44:11Z" description="Invalid username" finished-at="2017-12-12T17:44:13Z">
          <reporter-output>
          </reporter-output>
        </test-method> <!-- testInvalidUsernameLogin -->
        <test-method status="PASS" signature="testInvalidBothLogin()[pri:2, instance:org.ank.IStest.IsLoginTestCase@327471b5]" name="testInvalidBothLogin" duration-ms="2566" started-at="2017-12-12T17:44:53Z" description="Invalid username &amp; password" finished-at="2017-12-12T17:44:55Z">
          <reporter-output>
          </reporter-output>
        </test-method> <!-- testInvalidBothLogin -->
        <test-method status="PASS" signature="tearDown()[pri:0, instance:org.ank.IStest.IsLoginTestCase@327471b5]" name="tearDown" is-config="true" duration-ms="66" started-at="2017-12-12T17:44:55Z" finished-at="2017-12-12T17:44:55Z">
          <reporter-output>
          </reporter-output>
        </test-method> <!-- tearDown -->
      </class> <!-- org.ank.IStest.IsLoginTestCase -->
      <class name="org.ank.IStest.UserManagementTestCase">
        <test-method status="PASS" signature="setUp()[pri:0, instance:org.ank.IStest.UserManagementTestCase@4157f54e]" name="setUp" is-config="true" duration-ms="270" started-at="2017-12-12T17:44:07Z" finished-at="2017-12-12T17:44:08Z">
          <reporter-output>
          </reporter-output>
        </test-method> <!-- setUp -->
        <test-method status="PASS" signature="testISLogin()[pri:0, instance:org.ank.IStest.UserManagementTestCase@4157f54e]" name="testISLogin" duration-ms="3033" started-at="2017-12-12T17:44:08Z" finished-at="2017-12-12T17:44:11Z">
          <reporter-output>
          </reporter-output>
        </test-method> <!-- testISLogin -->
        <test-method status="FAIL" signature="testRoleAdd()[pri:1, instance:org.ank.IStest.UserManagementTestCase@4157f54e]" name="testRoleAdd" duration-ms="31240" started-at="2017-12-12T17:44:13Z" depends-on-methods="org.ank.IStest.UserManagementTestCase.testISLogin" finished-at="2017-12-12T17:44:45Z">
          <exception class="org.openqa.selenium.NoSuchElementException">
            <message>
              <![CDATA[no such element: Unable to locate element: {"method":"xpath","selector":"//table[@id='roleTable']/tbody/tr[4]/td"}
  (Session info: chrome=59.0.3071.115)
  (Driver info: chromedriver=2.30.477691 (6ee44a7247c639c0703f291d320bdf05c1531b57),platform=Linux 3.16.0-4-amd64 x86_64) (WARNING: The server did not provide any stacktrace information)
Command duration or timeout: 0 milliseconds
For documentation on this error, please visit: http://seleniumhq.org/exceptions/no_such_element.html
Build info: version: '3.5.1', revision: '9c21bb67ef', time: '2017-08-17T15:26:08.955Z'
System info: host: 'ank-debian', ip: '127.0.1.1', os.name: 'Linux', os.arch: 'amd64', os.version: '3.16.0-4-amd64', java.version: '1.8.0_131'
Driver info: org.openqa.selenium.chrome.ChromeDriver
Capabilities [{applicationCacheEnabled=false, rotatable=false, mobileEmulationEnabled=false, networkConnectionEnabled=false, chrome={chromedriverVersion=2.30.477691 (6ee44a7247c639c0703f291d320bdf05c1531b57), userDataDir=/tmp/.org.chromium.Chromium.BaJ8YE}, takesHeapSnapshot=true, pageLoadStrategy=normal, unhandledPromptBehavior=, databaseEnabled=false, handlesAlerts=true, hasTouchScreen=false, version=59.0.3071.115, platform=LINUX, browserConnectionEnabled=false, nativeEvents=true, acceptSslCerts=true, locationContextEnabled=true, webStorageEnabled=true, browserName=chrome, takesScreenshot=true, javascriptEnabled=true, cssSelectorsEnabled=true, unexpectedAlertBehaviour=}]
Session ID: beb1657171c5fe545b367318df7f849c
*** Element info: {Using=xpath, value=//table[@id='roleTable']/tbody/tr[4]/td}]]>
            </message>
            <full-stacktrace>
              <![CDATA[org.openqa.selenium.NoSuchElementException: no such element: Unable to locate element: {"method":"xpath","selector":"//table[@id='roleTable']/tbody/tr[4]/td"}
  (Session info: chrome=59.0.3071.115)
  (Driver info: chromedriver=2.30.477691 (6ee44a7247c639c0703f291d320bdf05c1531b57),platform=Linux 3.16.0-4-amd64 x86_64) (WARNING: The server did not provide any stacktrace information)
Command duration or timeout: 0 milliseconds
For documentation on this error, please visit: http://seleniumhq.org/exceptions/no_such_element.html
Build info: version: '3.5.1', revision: '9c21bb67ef', time: '2017-08-17T15:26:08.955Z'
System info: host: 'ank-debian', ip: '127.0.1.1', os.name: 'Linux', os.arch: 'amd64', os.version: '3.16.0-4-amd64', java.version: '1.8.0_131'
Driver info: org.openqa.selenium.chrome.ChromeDriver
Capabilities [{applicationCacheEnabled=false, rotatable=false, mobileEmulationEnabled=false, networkConnectionEnabled=false, chrome={chromedriverVersion=2.30.477691 (6ee44a7247c639c0703f291d320bdf05c1531b57), userDataDir=/tmp/.org.chromium.Chromium.BaJ8YE}, takesHeapSnapshot=true, pageLoadStrategy=normal, unhandledPromptBehavior=, databaseEnabled=false, handlesAlerts=true, hasTouchScreen=false, version=59.0.3071.115, platform=LINUX, browserConnectionEnabled=false, nativeEvents=true, acceptSslCerts=true, locationContextEnabled=true, webStorageEnabled=true, browserName=chrome, takesScreenshot=true, javascriptEnabled=true, cssSelectorsEnabled=true, unexpectedAlertBehaviour=}]
Session ID: beb1657171c5fe545b367318df7f849c
*** Element info: {Using=xpath, value=//table[@id='roleTable']/tbody/tr[4]/td}
	at sun.reflect.NativeConstructorAccessorImpl.newInstance0(Native Method)
	at sun.reflect.NativeConstructorAccessorImpl.newInstance(NativeConstructorAccessorImpl.java:62)
	at sun.reflect.DelegatingConstructorAccessorImpl.newInstance(DelegatingConstructorAccessorImpl.java:45)
	at java.lang.reflect.Constructor.newInstance(Constructor.java:423)
	at org.openqa.selenium.remote.ErrorHandler.createThrowable(ErrorHandler.java:215)
	at org.openqa.selenium.remote.ErrorHandler.throwIfResponseFailed(ErrorHandler.java:167)
	at org.openqa.selenium.remote.http.JsonHttpResponseCodec.reconstructValue(JsonHttpResponseCodec.java:40)
	at org.openqa.selenium.remote.http.AbstractHttpResponseCodec.decode(AbstractHttpResponseCodec.java:82)
	at org.openqa.selenium.remote.http.AbstractHttpResponseCodec.decode(AbstractHttpResponseCodec.java:45)
	at org.openqa.selenium.remote.HttpCommandExecutor.execute(HttpCommandExecutor.java:164)
	at org.openqa.selenium.remote.service.DriverCommandExecutor.execute(DriverCommandExecutor.java:82)
	at org.openqa.selenium.remote.RemoteWebDriver.execute(RemoteWebDriver.java:641)
	at org.openqa.selenium.remote.RemoteWebDriver.findElement(RemoteWebDriver.java:414)
	at org.openqa.selenium.remote.RemoteWebDriver.findElementByXPath(RemoteWebDriver.java:513)
	at org.openqa.selenium.By$ByXPath.findElement(By.java:361)
	at org.openqa.selenium.remote.RemoteWebDriver.findElement(RemoteWebDriver.java:406)
	at org.ank.IStest.UserManagementTestCase.testRoleAdd(UserManagementTestCase.java:60)
	at sun.reflect.NativeMethodAccessorImpl.invoke0(Native Method)
	at sun.reflect.NativeMethodAccessorImpl.invoke(NativeMethodAccessorImpl.java:62)
	at sun.reflect.DelegatingMethodAccessorImpl.invoke(DelegatingMethodAccessorImpl.java:43)
	at java.lang.reflect.Method.invoke(Method.java:498)
	at org.testng.internal.MethodInvocationHelper.invokeMethod(MethodInvocationHelper.java:108)
	at org.testng.internal.Invoker.invokeMethod(Invoker.java:661)
	at org.testng.internal.Invoker.invokeTestMethod(Invoker.java:869)
	at org.testng.internal.Invoker.invokeTestMethods(Invoker.java:1193)
	at org.testng.internal.TestMethodWorker.invokeTestMethods(TestMethodWorker.java:126)
	at org.testng.internal.TestMethodWorker.run(TestMethodWorker.java:109)
	at org.testng.TestRunner.privateRun(TestRunner.java:744)
	at org.testng.TestRunner.run(TestRunner.java:602)
	at org.testng.SuiteRunner.runTest(SuiteRunner.java:380)
	at org.testng.SuiteRunner.runSequentially(SuiteRunner.java:375)
	at org.testng.SuiteRunner.privateRun(SuiteRunner.java:340)
	at org.testng.SuiteRunner.run(SuiteRunner.java:289)
	at org.testng.SuiteRunnerWorker.runSuite(SuiteRunnerWorker.java:52)
	at org.testng.SuiteRunnerWorker.run(SuiteRunnerWorker.java:86)
	at org.testng.TestNG.runSuitesSequentially(TestNG.java:1301)
	at org.testng.TestNG.runSuitesLocally(TestNG.java:1226)
	at org.testng.TestNG.runSuites(TestNG.java:1144)
	at org.testng.TestNG.run(TestNG.java:1115)
	at org.apache.maven.surefire.testng.TestNGExecutor.run(TestNGExecutor.java:283)
	at org.apache.maven.surefire.testng.TestNGXmlTestSuite.execute(TestNGXmlTestSuite.java:75)
	at org.apache.maven.surefire.testng.TestNGProvider.invoke(TestNGProvider.java:120)
	at org.apache.maven.surefire.booter.ForkedBooter.invokeProviderInSameClassLoader(ForkedBooter.java:386)
	at org.apache.maven.surefire.booter.ForkedBooter.runSuitesInProcess(ForkedBooter.java:323)
	at org.apache.maven.surefire.booter.ForkedBooter.main(ForkedBooter.java:143)
]]>
            </full-stacktrace>
          </exception> <!-- org.openqa.selenium.NoSuchElementException -->
          <reporter-output>
          </reporter-output>
        </test-method> <!-- testRoleAdd -->
        <test-method status="FAIL" signature="testUserAdd()[pri:2, instance:org.ank.IStest.UserManagementTestCase@4157f54e]" name="testUserAdd" duration-ms="31002" started-at="2017-12-12T17:44:55Z" depends-on-methods="org.ank.IStest.UserManagementTestCase.testISLogin" finished-at="2017-12-12T17:45:26Z">
          <exception class="org.openqa.selenium.NoSuchElementException">
            <message>
              <![CDATA[no such element: Unable to locate element: {"method":"xpath","selector":"//table[@id='userTable']/tbody/tr[4]/td"}
  (Session info: chrome=59.0.3071.115)
  (Driver info: chromedriver=2.30.477691 (6ee44a7247c639c0703f291d320bdf05c1531b57),platform=Linux 3.16.0-4-amd64 x86_64) (WARNING: The server did not provide any stacktrace information)
Command duration or timeout: 0 milliseconds
For documentation on this error, please visit: http://seleniumhq.org/exceptions/no_such_element.html
Build info: version: '3.5.1', revision: '9c21bb67ef', time: '2017-08-17T15:26:08.955Z'
System info: host: 'ank-debian', ip: '127.0.1.1', os.name: 'Linux', os.arch: 'amd64', os.version: '3.16.0-4-amd64', java.version: '1.8.0_131'
Driver info: org.openqa.selenium.chrome.ChromeDriver
Capabilities [{applicationCacheEnabled=false, rotatable=false, mobileEmulationEnabled=false, networkConnectionEnabled=false, chrome={chromedriverVersion=2.30.477691 (6ee44a7247c639c0703f291d320bdf05c1531b57), userDataDir=/tmp/.org.chromium.Chromium.BaJ8YE}, takesHeapSnapshot=true, pageLoadStrategy=normal, unhandledPromptBehavior=, databaseEnabled=false, handlesAlerts=true, hasTouchScreen=false, version=59.0.3071.115, platform=LINUX, browserConnectionEnabled=false, nativeEvents=true, acceptSslCerts=true, locationContextEnabled=true, webStorageEnabled=true, browserName=chrome, takesScreenshot=true, javascriptEnabled=true, cssSelectorsEnabled=true, unexpectedAlertBehaviour=}]
Session ID: beb1657171c5fe545b367318df7f849c
*** Element info: {Using=xpath, value=//table[@id='userTable']/tbody/tr[4]/td}]]>
            </message>
            <full-stacktrace>
              <![CDATA[org.openqa.selenium.NoSuchElementException: no such element: Unable to locate element: {"method":"xpath","selector":"//table[@id='userTable']/tbody/tr[4]/td"}
  (Session info: chrome=59.0.3071.115)
  (Driver info: chromedriver=2.30.477691 (6ee44a7247c639c0703f291d320bdf05c1531b57),platform=Linux 3.16.0-4-amd64 x86_64) (WARNING: The server did not provide any stacktrace information)
Command duration or timeout: 0 milliseconds
For documentation on this error, please visit: http://seleniumhq.org/exceptions/no_such_element.html
Build info: version: '3.5.1', revision: '9c21bb67ef', time: '2017-08-17T15:26:08.955Z'
System info: host: 'ank-debian', ip: '127.0.1.1', os.name: 'Linux', os.arch: 'amd64', os.version: '3.16.0-4-amd64', java.version: '1.8.0_131'
Driver info: org.openqa.selenium.chrome.ChromeDriver
Capabilities [{applicationCacheEnabled=false, rotatable=false, mobileEmulationEnabled=false, networkConnectionEnabled=false, chrome={chromedriverVersion=2.30.477691 (6ee44a7247c639c0703f291d320bdf05c1531b57), userDataDir=/tmp/.org.chromium.Chromium.BaJ8YE}, takesHeapSnapshot=true, pageLoadStrategy=normal, unhandledPromptBehavior=, databaseEnabled=false, handlesAlerts=true, hasTouchScreen=false, version=59.0.3071.115, platform=LINUX, browserConnectionEnabled=false, nativeEvents=true, acceptSslCerts=true, locationContextEnabled=true, webStorageEnabled=true, browserName=chrome, takesScreenshot=true, javascriptEnabled=true, cssSelectorsEnabled=true, unexpectedAlertBehaviour=}]
Session ID: beb1657171c5fe545b367318df7f849c
*** Element info: {Using=xpath, value=//table[@id='userTable']/tbody/tr[4]/td}
	at sun.reflect.NativeConstructorAccessorImpl.newInstance0(Native Method)
	at sun.reflect.NativeConstructorAccessorImpl.newInstance(NativeConstructorAccessorImpl.java:62)
	at sun.reflect.DelegatingConstructorAccessorImpl.newInstance(DelegatingConstructorAccessorImpl.java:45)
	at java.lang.reflect.Constructor.newInstance(Constructor.java:423)
	at org.openqa.selenium.remote.ErrorHandler.createThrowable(ErrorHandler.java:215)
	at org.openqa.selenium.remote.ErrorHandler.throwIfResponseFailed(ErrorHandler.java:167)
	at org.openqa.selenium.remote.http.JsonHttpResponseCodec.reconstructValue(JsonHttpResponseCodec.java:40)
	at org.openqa.selenium.remote.http.AbstractHttpResponseCodec.decode(AbstractHttpResponseCodec.java:82)
	at org.openqa.selenium.remote.http.AbstractHttpResponseCodec.decode(AbstractHttpResponseCodec.java:45)
	at org.openqa.selenium.remote.HttpCommandExecutor.execute(HttpCommandExecutor.java:164)
	at org.openqa.selenium.remote.service.DriverCommandExecutor.execute(DriverCommandExecutor.java:82)
	at org.openqa.selenium.remote.RemoteWebDriver.execute(RemoteWebDriver.java:641)
	at org.openqa.selenium.remote.RemoteWebDriver.findElement(RemoteWebDriver.java:414)
	at org.openqa.selenium.remote.RemoteWebDriver.findElementByXPath(RemoteWebDriver.java:513)
	at org.openqa.selenium.By$ByXPath.findElement(By.java:361)
	at org.openqa.selenium.remote.RemoteWebDriver.findElement(RemoteWebDriver.java:406)
	at org.ank.IStest.UserManagementTestCase.testUserAdd(UserManagementTestCase.java:84)
	at sun.reflect.NativeMethodAccessorImpl.invoke0(Native Method)
	at sun.reflect.NativeMethodAccessorImpl.invoke(NativeMethodAccessorImpl.java:62)
	at sun.reflect.DelegatingMethodAccessorImpl.invoke(DelegatingMethodAccessorImpl.java:43)
	at java.lang.reflect.Method.invoke(Method.java:498)
	at org.testng.internal.MethodInvocationHelper.invokeMethod(MethodInvocationHelper.java:108)
	at org.testng.internal.Invoker.invokeMethod(Invoker.java:661)
	at org.testng.internal.Invoker.invokeTestMethod(Invoker.java:869)
	at org.testng.internal.Invoker.invokeTestMethods(Invoker.java:1193)
	at org.testng.internal.TestMethodWorker.invokeTestMethods(TestMethodWorker.java:126)
	at org.testng.internal.TestMethodWorker.run(TestMethodWorker.java:109)
	at org.testng.TestRunner.privateRun(TestRunner.java:744)
	at org.testng.TestRunner.run(TestRunner.java:602)
	at org.testng.SuiteRunner.runTest(SuiteRunner.java:380)
	at org.testng.SuiteRunner.runSequentially(SuiteRunner.java:375)
	at org.testng.SuiteRunner.privateRun(SuiteRunner.java:340)
	at org.testng.SuiteRunner.run(SuiteRunner.java:289)
	at org.testng.SuiteRunnerWorker.runSuite(SuiteRunnerWorker.java:52)
	at org.testng.SuiteRunnerWorker.run(SuiteRunnerWorker.java:86)
	at org.testng.TestNG.runSuitesSequentially(TestNG.java:1301)
	at org.testng.TestNG.runSuitesLocally(TestNG.java:1226)
	at org.testng.TestNG.runSuites(TestNG.java:1144)
	at org.testng.TestNG.run(TestNG.java:1115)
	at org.apache.maven.surefire.testng.TestNGExecutor.run(TestNGExecutor.java:283)
	at org.apache.maven.surefire.testng.TestNGXmlTestSuite.execute(TestNGXmlTestSuite.java:75)
	at org.apache.maven.surefire.testng.TestNGProvider.invoke(TestNGProvider.java:120)
	at org.apache.maven.surefire.booter.ForkedBooter.invokeProviderInSameClassLoader(ForkedBooter.java:386)
	at org.apache.maven.surefire.booter.ForkedBooter.runSuitesInProcess(ForkedBooter.java:323)
	at org.apache.maven.surefire.booter.ForkedBooter.main(ForkedBooter.java:143)
]]>
            </full-stacktrace>
          </exception> <!-- org.openqa.selenium.NoSuchElementException -->
          <reporter-output>
          </reporter-output>
        </test-method> <!-- testUserAdd -->
        <test-method status="PASS" signature="tearDown()[pri:0, instance:org.ank.IStest.UserManagementTestCase@4157f54e]" name="tearDown" is-config="true" duration-ms="65" started-at="2017-12-12T17:45:26Z" finished-at="2017-12-12T17:45:26Z">
          <reporter-output>
          </reporter-output>
        </test-method> <!-- tearDown -->
      </class> <!-- org.ank.IStest.UserManagementTestCase -->
    </test> <!-- Test1 -->
  </suite> <!-- Tests -->
</testng-results>
